app/build/outputs/logs/manifest-merger-debug-report.txt
-- Merging decision tree log ---
manifest
ADDED from src\main\AndroidManifest.xml:1:1-538:12
	package
		ADDED from src\main\AndroidManifest.xml:3:11-43
		INJECTED from src\main\AndroidManifest.xml
		INJECTED from src\main\AndroidManifest.xml
	android:versionName
		INJECTED from src\main\AndroidManifest.xml
		INJECTED from src\main\AndroidManifest.xml
	xmlns:android
		ADDED from src\main\AndroidManifest.xml:1:11-69
	android:versionCode
		INJECTED from src\main\AndroidManifest.xml
		INJECTED from src\main\AndroidManifest.xml
supports-screens
ADDED from src\main\AndroidManifest.xml:5:5-10:39
	android:largeScreens
		ADDED from src\main\AndroidManifest.xml:7:9-36
	android:smallScreens
		ADDED from src\main\AndroidManifest.xml:10:9-36
	android:normalScreens
		ADDED from src\main\AndroidManifest.xml:8:9-37
	android:resizeable
		ADDED from src\main\AndroidManifest.xml:9:9-34
	android:anyDensity
		ADDED from src\main\AndroidManifest.xml:6:9-34
uses-permission#android.permission.INTERNET
ADDED from src\main\AndroidManifest.xml:15:5-67
	android:name
		ADDED from src\main\AndroidManifest.xml:15:22-64
uses-permission#android.permission.WRITE_EXTERNAL_STORAGE
ADDED from src\main\AndroidManifest.xml:17:5-81
	android:name
		ADDED from src\main\AndroidManifest.xml:17:22-78
uses-permission#android.permission.ACCESS_NETWORK_STATE
ADDED from src\main\AndroidManifest.xml:18:5-78
	android:name
		ADDED from src\main\AndroidManifest.xml:18:22-76
uses-permission#android.permission.GET_TASKS
ADDED from src\main\AndroidManifest.xml:19:5-68
	android:name
		ADDED from src\main\AndroidManifest.xml:19:22-65
uses-permission#android.permission.RECORD_AUDIO
ADDED from src\main\AndroidManifest.xml:25:5-71
	android:name
		ADDED from src\main\AndroidManifest.xml:25:22-68
uses-permission#android.permission.MODIFY_AUDIO_SETTINGS
ADDED from src\main\AndroidManifest.xml:27:5-80
	android:name
		ADDED from src\main\AndroidManifest.xml:27:22-77
uses-permission#android.permission.CAMERA
ADDED from src\main\AndroidManifest.xml:33:5-65
	android:name
		ADDED from src\main\AndroidManifest.xml:33:22-62
uses-feature#android.hardware.camera
ADDED from src\main\AndroidManifest.xml:35:5-60
	android:name
		ADDED from src\main\AndroidManifest.xml:35:19-57
uses-permission#android.permission.GET_ACCOUNTS
ADDED from src\main\AndroidManifest.xml:41:5-71
	android:name
		ADDED from src\main\AndroidManifest.xml:41:22-68
uses-permission#android.permission.WRITE_CONTACTS
ADDED from src\main\AndroidManifest.xml:42:5-73
	android:name
		ADDED from src\main\AndroidManifest.xml:42:22-70
uses-permission#android.permission.READ_CONTACTS
ADDED from src\main\AndroidManifest.xml:43:5-72
	android:name
		ADDED from src\main\AndroidManifest.xml:43:22-69
uses-permission#android.permission.WAKE_LOCK
ADDED from src\main\AndroidManifest.xml:49:5-68
	android:name
		ADDED from src\main\AndroidManifest.xml:49:22-65
uses-permission#android.permission.VIBRATE
ADDED from src\main\AndroidManifest.xml:51:5-66
	android:name
		ADDED from src\main\AndroidManifest.xml:51:22-63
uses-permission#android.permission.CALL_PHONE
ADDED from src\main\AndroidManifest.xml:53:5-69
	android:name
		ADDED from src\main\AndroidManifest.xml:53:22-66
uses-permission#android.permission.ACCESS_WIFI_STATE
ADDED from src\main\AndroidManifest.xml:55:5-76
	android:name
		ADDED from src\main\AndroidManifest.xml:55:22-73
uses-permission#android.permission.READ_PHONE_STATE
ADDED from src\main\AndroidManifest.xml:58:5-75
	android:name
		ADDED from src\main\AndroidManifest.xml:58:22-72
uses-permission#android.permission.SEND_SMS
ADDED from src\main\AndroidManifest.xml:67:5-67
	android:name
		ADDED from src\main\AndroidManifest.xml:67:22-64
uses-permission#android.permission.WRITE_SMS
ADDED from src\main\AndroidManifest.xml:68:5-68
	android:name
		ADDED from src\main\AndroidManifest.xml:68:22-65
uses-permission#android.permission.READ_SMS
ADDED from src\main\AndroidManifest.xml:69:5-67
	android:name
		ADDED from src\main\AndroidManifest.xml:69:22-64
uses-permission#com.android.launcher.permission.INSTALL_SHORTCUT
ADDED from src\main\AndroidManifest.xml:77:5-88
	android:name
		ADDED from src\main\AndroidManifest.xml:77:22-85
uses-permission#com.android.launcher.permission.UNINSTALL_SHORTCUT
ADDED from src\main\AndroidManifest.xml:78:5-90
	android:name
		ADDED from src\main\AndroidManifest.xml:78:22-87
uses-feature#android.hardware.camera.autofocus
ADDED from src\main\AndroidManifest.xml:87:5-70
	android:name
		ADDED from src\main\AndroidManifest.xml:87:19-67
uses-permission#android.permission.FLASHLIGHT
ADDED from src\main\AndroidManifest.xml:90:5-69
	android:name
		ADDED from src\main\AndroidManifest.xml:90:22-66
uses-permission#android.permission.ACCESS_COARSE_LOCATION
ADDED from src\main\AndroidManifest.xml:98:5-81
	android:name
		ADDED from src\main\AndroidManifest.xml:98:22-78
uses-permission#android.permission.ACCESS_FINE_LOCATION
ADDED from src\main\AndroidManifest.xml:99:5-79
	android:name
		ADDED from src\main\AndroidManifest.xml:99:22-76
uses-permission#android.permission.WRITE_SETTINGS
ADDED from src\main\AndroidManifest.xml:100:5-73
	android:name
		ADDED from src\main\AndroidManifest.xml:100:22-70
uses-permission#android.permission.CHANGE_WIFI_STATE
ADDED from src\main\AndroidManifest.xml:102:5-76
	android:name
		ADDED from src\main\AndroidManifest.xml:102:22-73
uses-permission#android.permission.MOUNT_UNMOUNT_FILESYSTEMS
ADDED from src\main\AndroidManifest.xml:104:5-84
	android:name
		ADDED from src\main\AndroidManifest.xml:104:22-81
uses-permission#android.permission.READ_LOGS
ADDED from src\main\AndroidManifest.xml:105:5-68
	android:name
		ADDED from src\main\AndroidManifest.xml:105:22-65
uses-permission#android.permission.RECEIVE_BOOT_COMPLETED
ADDED from src\main\AndroidManifest.xml:141:5-81
	android:name
		ADDED from src\main\AndroidManifest.xml:141:22-78
uses-permission#getui.permission.GetuiService.com.HBuilder.integrate
ADDED from src\main\AndroidManifest.xml:146:5-92
	android:name
		ADDED from src\main\AndroidManifest.xml:146:22-89
permission#getui.permission.GetuiService.com.HBuilder.integrate
ADDED from src\main\AndroidManifest.xml:148:5-150:44
	android:protectionLevel
		ADDED from src\main\AndroidManifest.xml:150:9-41
	android:name
		ADDED from src\main\AndroidManifest.xml:149:9-76
uses-permission#android.permission.ACCESS_MOCK_LOCATION
ADDED from src\main\AndroidManifest.xml:165:5-79
	android:name
		ADDED from src\main\AndroidManifest.xml:165:22-76
uses-permission#android.permission.CHANGE_NETWORK_STATE
ADDED from src\main\AndroidManifest.xml:178:5-79
	android:name
		ADDED from src\main\AndroidManifest.xml:178:22-76
uses-permission#android.permission.RECEIVE_USER_PRESENT
ADDED from src\main\AndroidManifest.xml:187:5-79
	android:name
		ADDED from src\main\AndroidManifest.xml:187:22-76
uses-permission#com.xiaomi.permission.AUTH_SERVICE
ADDED from src\main\AndroidManifest.xml:191:5-73
	android:name
		ADDED from src\main\AndroidManifest.xml:191:22-71
application
ADDED from src\main\AndroidManifest.xml:193:5-536:19
	android:label
		ADDED from src\main\AndroidManifest.xml:197:9-41
	android:supportsRtl
		ADDED from src\main\AndroidManifest.xml:200:9-35
	android:allowClearUserData
		ADDED from src\main\AndroidManifest.xml:195:9-42
	android:allowBackup
		ADDED from src\main\AndroidManifest.xml:194:9-35
	android:icon
		ADDED from src\main\AndroidManifest.xml:196:9-38
	android:largeHeap
		ADDED from src\main\AndroidManifest.xml:198:9-33
	android:name
		ADDED from src\main\AndroidManifest.xml:199:9-63
activity#com.HBuilder.integrate.ActivityEntry
ADDED from src\main\AndroidManifest.xml:202:9-214:20
	android:screenOrientation
		ADDED from src\main\AndroidManifest.xml:207:13-45
	android:label
		ADDED from src\main\AndroidManifest.xml:205:13-45
	android:launchMode
		ADDED from src\main\AndroidManifest.xml:206:13-44
	android:windowSoftInputMode
		ADDED from src\main\AndroidManifest.xml:208:13-55
	android:configChanges
		ADDED from src\main\AndroidManifest.xml:204:13-63
	android:name
		ADDED from src\main\AndroidManifest.xml:203:13-64
intent-filter#android.intent.action.MAIN+android.intent.category.LAUNCHER
ADDED from src\main\AndroidManifest.xml:209:13-213:29
action#android.intent.action.MAIN
ADDED from src\main\AndroidManifest.xml:210:17-69
	android:name
		ADDED from src\main\AndroidManifest.xml:210:25-66
category#android.intent.category.LAUNCHER
ADDED from src\main\AndroidManifest.xml:212:17-77
	android:name
		ADDED from src\main\AndroidManifest.xml:212:27-74
activity#com.HBuilder.integrate.SDK_WebApp
ADDED from src\main\AndroidManifest.xml:216:9-221:20
	android:screenOrientation
		ADDED from src\main\AndroidManifest.xml:219:13-45
	android:configChanges
		ADDED from src\main\AndroidManifest.xml:218:13-112
	android:theme
		ADDED from src\main\AndroidManifest.xml:220:13-47
	android:name
		ADDED from src\main\AndroidManifest.xml:217:13-61
activity#com.HBuilder.integrate.SDK_WebView
ADDED from src\main\AndroidManifest.xml:222:9-227:20
	android:screenOrientation
		ADDED from src\main\AndroidManifest.xml:225:13-47
	android:configChanges
		ADDED from src\main\AndroidManifest.xml:224:13-112
	android:theme
		ADDED from src\main\AndroidManifest.xml:226:13-47
	android:name
		ADDED from src\main\AndroidManifest.xml:223:13-62
activity#io.dcloud.PandoraEntryActivity
ADDED from src\main\AndroidManifest.xml:228:9-237:20
	android:screenOrientation
		ADDED from src\main\AndroidManifest.xml:234:13-45
	android:label
		ADDED from src\main\AndroidManifest.xml:232:13-36
	android:hardwareAccelerated
		ADDED from src\main\AndroidManifest.xml:231:13-47
	android:launchMode
		ADDED from src\main\AndroidManifest.xml:233:13-44
	android:windowSoftInputMode
		ADDED from src\main\AndroidManifest.xml:236:13-55
	android:configChanges
		ADDED from src\main\AndroidManifest.xml:230:13-112
	android:theme
		ADDED from src\main\AndroidManifest.xml:235:13-47
	android:name
		ADDED from src\main\AndroidManifest.xml:229:13-58
service#io.dcloud.common.adapter.io.MiniServerService
ADDED from src\main\AndroidManifest.xml:239:9-241:39
	android:exported
		ADDED from src\main\AndroidManifest.xml:241:13-36
	android:name
		ADDED from src\main\AndroidManifest.xml:240:13-73
activity#io.dcloud.imagepick.CustomGalleryActivity
ADDED from src\main\AndroidManifest.xml:243:9-250:20
	android:name
		ADDED from src\main\AndroidManifest.xml:243:19-75
intent-filter#android.intent.category.DEFAULT+io.dcloud.ACTION_MULTIPLE_PICK+io.dcloud.ACTION_PICK
ADDED from src\main\AndroidManifest.xml:244:13-249:29
action#io.dcloud.ACTION_PICK
ADDED from src\main\AndroidManifest.xml:245:17-64
	android:name
		ADDED from src\main\AndroidManifest.xml:245:25-61
action#io.dcloud.ACTION_MULTIPLE_PICK
ADDED from src\main\AndroidManifest.xml:246:17-73
	android:name
		ADDED from src\main\AndroidManifest.xml:246:25-70
category#android.intent.category.DEFAULT
ADDED from src\main\AndroidManifest.xml:248:17-76
	android:name
		ADDED from src\main\AndroidManifest.xml:248:27-73
meta-data#UMENG_APPKEY
ADDED from src\main\AndroidManifest.xml:256:9-258:46
	android:value
		ADDED from src\main\AndroidManifest.xml:258:13-43
	android:name
		ADDED from src\main\AndroidManifest.xml:257:13-40
meta-data#UMENG_CHANNEL
ADDED from src\main\AndroidManifest.xml:259:9-261:42
	android:value
		ADDED from src\main\AndroidManifest.xml:261:13-39
	android:name
		ADDED from src\main\AndroidManifest.xml:260:13-41
meta-data#com.baidu.lbsapi.API_KEY
ADDED from src\main\AndroidManifest.xml:267:9-270:21
	android:value
		ADDED from src\main\AndroidManifest.xml:269:13-53
	android:name
		ADDED from src\main\AndroidManifest.xml:268:13-52
service#com.baidu.location.f
ADDED from src\main\AndroidManifest.xml:272:9-276:19
	android:enabled
		ADDED from src\main\AndroidManifest.xml:274:13-35
	android:process
		ADDED from src\main\AndroidManifest.xml:275:13-38
	android:name
		ADDED from src\main\AndroidManifest.xml:273:13-48
meta-data#QQ_APPID
ADDED from src\main\AndroidManifest.xml:283:9-285:39
	android:value
		ADDED from src\main\AndroidManifest.xml:285:13-36
	android:name
		ADDED from src\main\AndroidManifest.xml:284:13-36
activity#com.tencent.tauth.AuthActivity
ADDED from src\main\AndroidManifest.xml:287:9-299:20
	android:launchMode
		ADDED from src\main\AndroidManifest.xml:289:13-44
	android:noHistory
		ADDED from src\main\AndroidManifest.xml:290:13-37
	android:name
		ADDED from src\main\AndroidManifest.xml:288:13-58
intent-filter#android.intent.action.VIEW+android.intent.category.BROWSABLE+android.intent.category.DEFAULT
ADDED from src\main\AndroidManifest.xml:291:13-298:29
action#android.intent.action.VIEW
ADDED from src\main\AndroidManifest.xml:292:17-69
	android:name
		ADDED from src\main\AndroidManifest.xml:292:25-66
category#android.intent.category.BROWSABLE
ADDED from src\main\AndroidManifest.xml:295:17-78
	android:name
		ADDED from src\main\AndroidManifest.xml:295:27-75
data
ADDED from src\main\AndroidManifest.xml:297:17-50
	android:scheme
		ADDED from src\main\AndroidManifest.xml:297:23-47
activity#com.tencent.connect.common.AssistActivity
ADDED from src\main\AndroidManifest.xml:300:9-303:75
	android:screenOrientation
		ADDED from src\main\AndroidManifest.xml:302:13-49
	android:theme
		ADDED from src\main\AndroidManifest.xml:303:13-72
	android:name
		ADDED from src\main\AndroidManifest.xml:301:13-69
meta-data#IFLY_APPKEY
ADDED from src\main\AndroidManifest.xml:317:9-319:40
	android:value
		ADDED from src\main\AndroidManifest.xml:319:13-37
	android:name
		ADDED from src\main\AndroidManifest.xml:318:13-39
meta-data#PUSH_APPID
ADDED from src\main\AndroidManifest.xml:329:9-86
	android:value
		ADDED from src\main\AndroidManifest.xml:329:46-84
	android:name
		ADDED from src\main\AndroidManifest.xml:329:20-45
meta-data#PUSH_APPKEY
ADDED from src\main\AndroidManifest.xml:330:9-87
	android:value
		ADDED from src\main\AndroidManifest.xml:330:47-85
	android:name
		ADDED from src\main\AndroidManifest.xml:330:20-46
meta-data#PUSH_APPSECRET
ADDED from src\main\AndroidManifest.xml:331:9-90
	android:value
		ADDED from src\main\AndroidManifest.xml:331:50-88
	android:name
		ADDED from src\main\AndroidManifest.xml:331:20-49
service#com.igexin.sdk.PushService
ADDED from src\main\AndroidManifest.xml:332:9-340:19
	android:process
		ADDED from src\main\AndroidManifest.xml:336:13-43
	android:label
		ADDED from src\main\AndroidManifest.xml:335:13-47
	android:exported
		ADDED from src\main\AndroidManifest.xml:334:13-36
	android:name
		ADDED from src\main\AndroidManifest.xml:333:13-54
intent-filter#com.igexin.sdk.action.service.message
ADDED from src\main\AndroidManifest.xml:337:13-339:29
action#com.igexin.sdk.action.service.message
ADDED from src\main\AndroidManifest.xml:338:17-79
	android:name
		ADDED from src\main\AndroidManifest.xml:338:25-77
receiver#com.igexin.sdk.PushReceiver
ADDED from src\main\AndroidManifest.xml:341:9-351:20
	android:name
		ADDED from src\main\AndroidManifest.xml:341:19-61
intent-filter#android.intent.action.ACTION_POWER_CONNECTED+android.intent.action.ACTION_POWER_DISCONNECTED+android.intent.action.BOOT_COMPLETED+android.intent.action.MEDIA_MOUNTED+android.intent.action.USER_PRESENT+android.net.conn.CONNECTIVITY_CHANGE+com.igexin.sdk.action.refreshls
ADDED from src\main\AndroidManifest.xml:342:13-350:29
action#android.intent.action.BOOT_COMPLETED
ADDED from src\main\AndroidManifest.xml:343:17-78
	android:name
		ADDED from src\main\AndroidManifest.xml:343:25-76
action#android.net.conn.CONNECTIVITY_CHANGE
ADDED from src\main\AndroidManifest.xml:344:17-78
	android:name
		ADDED from src\main\AndroidManifest.xml:344:25-76
action#android.intent.action.USER_PRESENT
ADDED from src\main\AndroidManifest.xml:345:17-76
	android:name
		ADDED from src\main\AndroidManifest.xml:345:25-74
action#com.igexin.sdk.action.refreshls
ADDED from src\main\AndroidManifest.xml:346:17-73
	android:name
		ADDED from src\main\AndroidManifest.xml:346:25-71
action#android.intent.action.MEDIA_MOUNTED
ADDED from src\main\AndroidManifest.xml:347:17-77
	android:name
		ADDED from src\main\AndroidManifest.xml:347:25-75
action#android.intent.action.ACTION_POWER_CONNECTED
ADDED from src\main\AndroidManifest.xml:348:17-86
	android:name
		ADDED from src\main\AndroidManifest.xml:348:25-84
action#android.intent.action.ACTION_POWER_DISCONNECTED
ADDED from src\main\AndroidManifest.xml:349:17-89
	android:name
		ADDED from src\main\AndroidManifest.xml:349:25-87
activity#com.igexin.sdk.PushActivity
ADDED from src\main\AndroidManifest.xml:352:9-358:74
	android:process
		ADDED from src\main\AndroidManifest.xml:356:13-43
	android:excludeFromRecents
		ADDED from src\main\AndroidManifest.xml:354:13-46
	android:exported
		ADDED from src\main\AndroidManifest.xml:355:13-37
	android:theme
		ADDED from src\main\AndroidManifest.xml:358:13-72
	android:taskAffinity
		ADDED from src\main\AndroidManifest.xml:357:13-67
	android:name
		ADDED from src\main\AndroidManifest.xml:353:13-55
activity#com.igexin.sdk.GActivity
ADDED from src\main\AndroidManifest.xml:359:9-365:74
	android:process
		ADDED from src\main\AndroidManifest.xml:363:13-43
	android:excludeFromRecents
		ADDED from src\main\AndroidManifest.xml:361:13-46
	android:exported
		ADDED from src\main\AndroidManifest.xml:362:13-36
	android:theme
		ADDED from src\main\AndroidManifest.xml:365:13-72
	android:taskAffinity
		ADDED from src\main\AndroidManifest.xml:364:13-67
	android:name
		ADDED from src\main\AndroidManifest.xml:360:13-52
receiver#io.dcloud.feature.apsGt.GTNotificationReceiver
ADDED from src\main\AndroidManifest.xml:369:9-377:20
	android:name
		ADDED from src\main\AndroidManifest.xml:369:19-80
intent-filter#android.intent.action.BOOT_COMPLETED+com.HBuilder.integrate.__CLEAR_NOTIFICATION+com.HBuilder.integrate.__CLILK_NOTIFICATION+com.HBuilder.integrate.__CREATE_NOTIFICATION+com.HBuilder.integrate.__REMOVE_NOTIFICATION
ADDED from src\main\AndroidManifest.xml:370:13-376:29
action#com.HBuilder.integrate.__CREATE_NOTIFICATION
ADDED from src\main\AndroidManifest.xml:372:17-86
	android:name
		ADDED from src\main\AndroidManifest.xml:372:25-84
action#com.HBuilder.integrate.__REMOVE_NOTIFICATION
ADDED from src\main\AndroidManifest.xml:373:17-86
	android:name
		ADDED from src\main\AndroidManifest.xml:373:25-84
action#com.HBuilder.integrate.__CLEAR_NOTIFICATION
ADDED from src\main\AndroidManifest.xml:374:17-85
	android:name
		ADDED from src\main\AndroidManifest.xml:374:25-83
action#com.HBuilder.integrate.__CLILK_NOTIFICATION
ADDED from src\main\AndroidManifest.xml:375:17-85
	android:name
		ADDED from src\main\AndroidManifest.xml:375:25-83
service#io.dcloud.feature.apsGt.GTNormalIntentService
ADDED from src\main\AndroidManifest.xml:378:9-379:75
	android:name
		ADDED from src\main\AndroidManifest.xml:379:13-73
service#io.dcloud.feature.apsGt.GTNormalPushService
ADDED from src\main\AndroidManifest.xml:380:9-385:19
	android:process
		ADDED from src\main\AndroidManifest.xml:384:13-43
	android:label
		ADDED from src\main\AndroidManifest.xml:383:13-40
	android:exported
		ADDED from src\main\AndroidManifest.xml:382:13-36
	android:name
		ADDED from src\main\AndroidManifest.xml:381:13-71
meta-data#SINA_REDIRECT_URI
ADDED from src\main\AndroidManifest.xml:394:9-396:53
	android:value
		ADDED from src\main\AndroidManifest.xml:396:13-50
	android:name
		ADDED from src\main\AndroidManifest.xml:395:13-45
meta-data#SINA_SECRET
ADDED from src\main\AndroidManifest.xml:397:9-399:53
	android:value
		ADDED from src\main\AndroidManifest.xml:399:13-50
	android:name
		ADDED from src\main\AndroidManifest.xml:398:13-39
meta-data#SINA_APPKEY
ADDED from src\main\AndroidManifest.xml:400:9-402:65
	android:value
		ADDED from src\main\AndroidManifest.xml:402:13-62
	android:name
		ADDED from src\main\AndroidManifest.xml:401:13-39
activity#com.sina.weibo.sdk.web.WeiboSdkWebActivity
ADDED from src\main\AndroidManifest.xml:403:9-407:20
	android:exported
		ADDED from src\main\AndroidManifest.xml:405:19-43
	android:windowSoftInputMode
		ADDED from src\main\AndroidManifest.xml:406:19-61
	android:configChanges
		ADDED from src\main\AndroidManifest.xml:404:19-69
	android:name
		ADDED from src\main\AndroidManifest.xml:403:19-76
activity#com.sina.weibo.sdk.share.WbShareTransActivity
ADDED from src\main\AndroidManifest.xml:409:9-417:20
	android:launchMode
		ADDED from src\main\AndroidManifest.xml:410:19-50
	android:theme
		ADDED from src\main\AndroidManifest.xml:411:19-89
	android:name
		ADDED from src\main\AndroidManifest.xml:409:19-79
intent-filter#android.intent.category.DEFAULT+com.sina.weibo.sdk.action.ACTION_SDK_REQ_ACTIVITY
ADDED from src\main\AndroidManifest.xml:412:13-416:29
action#com.sina.weibo.sdk.action.ACTION_SDK_REQ_ACTIVITY
ADDED from src\main\AndroidManifest.xml:413:17-92
	android:name
		ADDED from src\main\AndroidManifest.xml:413:25-89
meta-data#TENCENT_REDIRECT_URI
ADDED from src\main\AndroidManifest.xml:422:9-424:53
	android:value
		ADDED from src\main\AndroidManifest.xml:424:13-50
	android:name
		ADDED from src\main\AndroidManifest.xml:423:13-48
meta-data#TENCENT_SECRET
ADDED from src\main\AndroidManifest.xml:425:9-427:53
	android:value
		ADDED from src\main\AndroidManifest.xml:427:13-50
	android:name
		ADDED from src\main\AndroidManifest.xml:426:13-42
meta-data#TENCENT_APPKEY
ADDED from src\main\AndroidManifest.xml:428:9-430:65
	android:value
		ADDED from src\main\AndroidManifest.xml:430:13-62
	android:name
		ADDED from src\main\AndroidManifest.xml:429:13-42
activity#io.dcloud.share.tencent.WebAuthorize
ADDED from src\main\AndroidManifest.xml:432:9-435:20
	android:theme
		ADDED from src\main\AndroidManifest.xml:434:13-60
	android:name
		ADDED from src\main\AndroidManifest.xml:433:13-64
meta-data#WX_SECRET
ADDED from src\main\AndroidManifest.xml:437:9-439:64
	android:value
		ADDED from src\main\AndroidManifest.xml:439:13-61
	android:name
		ADDED from src\main\AndroidManifest.xml:438:13-37
meta-data#WX_APPID
ADDED from src\main\AndroidManifest.xml:440:9-442:50
	android:value
		ADDED from src\main\AndroidManifest.xml:442:13-47
	android:name
		ADDED from src\main\AndroidManifest.xml:441:13-36
activity#com.HBuilder.Integrate.wxapi.WXEntryActivity
ADDED from src\main\AndroidManifest.xml:444:9-456:20
	android:label
		ADDED from src\main\AndroidManifest.xml:447:13-45
	android:launchMode
		ADDED from src\main\AndroidManifest.xml:448:13-43
	android:exported
		ADDED from src\main\AndroidManifest.xml:446:13-36
	android:name
		ADDED from src\main\AndroidManifest.xml:445:13-72
intent-filter#android.intent.action.VIEW+android.intent.category.DEFAULT
ADDED from src\main\AndroidManifest.xml:449:13-455:29
activity#com.alipay.sdk.app.H5PayActivity
ADDED from src\main\AndroidManifest.xml:461:9-467:20
	android:screenOrientation
		ADDED from src\main\AndroidManifest.xml:465:13-47
	android:exported
		ADDED from src\main\AndroidManifest.xml:464:13-37
	android:windowSoftInputMode
		ADDED from src\main\AndroidManifest.xml:466:13-67
	android:configChanges
		ADDED from src\main\AndroidManifest.xml:463:13-74
	android:name
		ADDED from src\main\AndroidManifest.xml:462:13-60
activity#com.alipay.sdk.auth.AuthActivity
ADDED from src\main\AndroidManifest.xml:468:9-473:20
	android:screenOrientation
		ADDED from src\main\AndroidManifest.xml:472:13-47
	android:exported
		ADDED from src\main\AndroidManifest.xml:471:13-37
	android:configChanges
		ADDED from src\main\AndroidManifest.xml:470:13-74
	android:name
		ADDED from src\main\AndroidManifest.xml:469:13-60
activity#io.dcloud.HBuilder.wxapi.WXPayEntryActivity
ADDED from src\main\AndroidManifest.xml:478:9-481:46
	android:launchMode
		ADDED from src\main\AndroidManifest.xml:481:13-43
	android:exported
		ADDED from src\main\AndroidManifest.xml:480:13-36
	android:name
		ADDED from src\main\AndroidManifest.xml:479:13-71
meta-data#MIUI_APPID
ADDED from src\main\AndroidManifest.xml:489:9-77
	android:value
		ADDED from src\main\AndroidManifest.xml:489:20-49
	android:name
		ADDED from src\main\AndroidManifest.xml:489:50-75
meta-data#MIUI_APPSECRET
ADDED from src\main\AndroidManifest.xml:490:9-84
	android:value
		ADDED from src\main\AndroidManifest.xml:490:20-52
	android:name
		ADDED from src\main\AndroidManifest.xml:490:53-82
meta-data#MIUI_REDIRECT_URI
ADDED from src\main\AndroidManifest.xml:491:9-82
	android:value
		ADDED from src\main\AndroidManifest.xml:491:20-47
	android:name
		ADDED from src\main\AndroidManifest.xml:491:48-80
activity#com.xiaomi.account.openauth.AuthorizeActivity
ADDED from src\main\AndroidManifest.xml:492:9-81
	android:name
		ADDED from src\main\AndroidManifest.xml:492:19-79
service#com.xiaomi.push.service.XMPushService
ADDED from src\main\AndroidManifest.xml:499:9-126
	android:enabled
		ADDED from src\main\AndroidManifest.xml:499:18-40
	android:process
		ADDED from src\main\AndroidManifest.xml:499:41-71
	android:name
		ADDED from src\main\AndroidManifest.xml:499:72-124
service#com.xiaomi.push.service.XMJobService
ADDED from src\main\AndroidManifest.xml:500:9-207
	android:enabled
		ADDED from src\main\AndroidManifest.xml:500:70-92
	android:process
		ADDED from src\main\AndroidManifest.xml:500:175-205
	android:exported
		ADDED from src\main\AndroidManifest.xml:500:93-117
	android:permission
		ADDED from src\main\AndroidManifest.xml:500:118-174
	android:name
		ADDED from src\main\AndroidManifest.xml:500:18-69
service#com.xiaomi.mipush.sdk.PushMessageHandler
ADDED from src\main\AndroidManifest.xml:501:9-122
	android:enabled
		ADDED from src\main\AndroidManifest.xml:501:18-40
	android:exported
		ADDED from src\main\AndroidManifest.xml:501:41-64
	android:name
		ADDED from src\main\AndroidManifest.xml:501:65-120
service#com.xiaomi.mipush.sdk.MessageHandleService
ADDED from src\main\AndroidManifest.xml:502:9-100
	android:enabled
		ADDED from src\main\AndroidManifest.xml:502:18-40
	android:name
		ADDED from src\main\AndroidManifest.xml:502:41-98
receiver#com.xiaomi.push.service.receivers.NetworkStatusReceiver
ADDED from src\main\AndroidManifest.xml:503:9-508:20
	android:exported
		ADDED from src\main\AndroidManifest.xml:503:19-42
	android:name
		ADDED from src\main\AndroidManifest.xml:503:43-113
intent-filter#android.intent.category.DEFAULT+android.net.conn.CONNECTIVITY_CHANGE
ADDED from src\main\AndroidManifest.xml:504:13-507:29
receiver#com.xiaomi.push.service.receivers.PingReceiver
ADDED from src\main\AndroidManifest.xml:509:9-513:20
	android:process
		ADDED from src\main\AndroidManifest.xml:509:44-74
	android:exported
		ADDED from src\main\AndroidManifest.xml:509:19-43
	android:name
		ADDED from src\main\AndroidManifest.xml:509:75-136
intent-filter#com.xiaomi.push.PING_TIMER
ADDED from src\main\AndroidManifest.xml:510:13-512:29
action#com.xiaomi.push.PING_TIMER
ADDED from src\main\AndroidManifest.xml:511:17-68
	android:name
		ADDED from src\main\AndroidManifest.xml:511:25-66
receiver#io.dcloud.feature.apsXm.XMMessageReceiver
ADDED from src\main\AndroidManifest.xml:514:9-524:20
	android:exported
		ADDED from src\main\AndroidManifest.xml:514:19-42
	android:name
		ADDED from src\main\AndroidManifest.xml:514:43-99
intent-filter#com.xiaomi.mipush.RECEIVE_MESSAGE
ADDED from src\main\AndroidManifest.xml:515:13-517:29
action#com.xiaomi.mipush.RECEIVE_MESSAGE
ADDED from src\main\AndroidManifest.xml:516:17-75
	android:name
		ADDED from src\main\AndroidManifest.xml:516:25-73
intent-filter#com.xiaomi.mipush.MESSAGE_ARRIVED
ADDED from src\main\AndroidManifest.xml:518:13-520:29
action#com.xiaomi.mipush.MESSAGE_ARRIVED
ADDED from src\main\AndroidManifest.xml:519:17-75
	android:name
		ADDED from src\main\AndroidManifest.xml:519:25-73
intent-filter#com.xiaomi.mipush.ERROR
ADDED from src\main\AndroidManifest.xml:521:13-523:29
action#com.xiaomi.mipush.ERROR
ADDED from src\main\AndroidManifest.xml:522:17-65
	android:name
		ADDED from src\main\AndroidManifest.xml:522:25-63
receiver#io.dcloud.feature.apsXm.XMNotificationReceiver
ADDED from src\main\AndroidManifest.xml:525:9-533:20
	android:exported
		ADDED from src\main\AndroidManifest.xml:525:19-42
	android:name
		ADDED from src\main\AndroidManifest.xml:525:43-104
uses-sdk
INJECTED from src\main\AndroidManifest.xml reason: use-sdk injection requested
	android:targetSdkVersion
		INJECTED from src\main\AndroidManifest.xml
		INJECTED from src\main\AndroidManifest.xml
	android:minSdkVersion
		INJECTED from src\main\AndroidManifest.xml
		INJECTED from src\main\AndroidManifest.xml